[tapmybio.com/dahyn1x.html]
[backblue.gif]
[fade.gif]
[index.html]
[linkiez-production.s3.amazonaws.com/users/avatars/000/067/553/edit_user/WhatsApp_Image_2019-08-02_at_6.00.07_PMd2e0.jpg]
[tapmybio.com/assets/apple-touch-icon.png]
[tapmybio.com/assets/favicon-32x32-bf7839e88276bf7f41321ecc5f7e43f07a72feeaefffbc6704ebc27a0af54264.png]
[kit.fontawesome.com/38b2a2bad4.js]
[tapmybio.com/assets/application-23c898007eff7b346dc8ef4c8d703e549a796a17dd29c65d060b42e07246e57d.css]
[tapmybio.com/assets/application-fa728e3cce55648a2717ff39b3b279dcf42033c24c260be36292eb80319b0ae2.js]
[linkiez-production.s3.amazonaws.com/users/profile_backgrounds/000/067/553/bg/WhatsApp_Image_2019-05-17_at_5.35.35_PM06a0.jpg]
[linkiez-production.s3.amazonaws.com/users/profile_backgrounds/000/067/553/smaller/WhatsApp_Image_2019-05-17_at_5.35.35_PM06a0.jpg]
[tapmybio.com/assets/icon.light-354ba69209bb42ba0fc4982faf2432bde2b6b9d4a1110e439b8f4ca49a3f01e3.png]
[tapmybio.com/users/dahyn1x.html]
[ec-small.centrofiles.com/h3/Sfp6WSqpTP.TjpnnAMRUov3JWiAg.Sz4v-kwSs.B.LUBExS/w320_h428l.jpg]
[linkiez-production.s3.amazonaws.com/services/logos/000/000/023/thumb/onlyfans-logo4966.png]
[www.paypalobjects.com/webstatic/paypalme/images/social/pplogo384.png]
[tapmybio.com/assets/icon-46eb24a828e5fd52ac9f75e1ddf5643e03b098ac282ec2d4d5c251614b89dec9.png]
[tapmybio.com/dahyn1x.html]
[tapmybio.com/assets/CircularStd-Black-42c1bc0175b5643d949941b142bfdada535ce5cd8562ce8794d5703d9bf7f52e.eot]
[tapmybio.com/assets/CircularStd-Black-42c1bc0175b5643d949941b142bfdada535ce5cd8562ce8794d5703d9bf7f52ed41d.eot]
[tapmybio.com/assets/CircularStd-Black-254a8a695eabff62d7c9e20d8208e98bd82180d401b0fd806006a99b36ce6eda.woff]
[tapmybio.com/assets/CircularStd-Black-96d9e38bfbd27016952f4315204f42c72507ccbf8aa7b9e3280e4aeeff12f891.ttf]
[tapmybio.com/assets/CircularStd-Bold-0ad0c91a7613f2c82f4dbcc256903e45dfc05aafa230b52bf83a6b5eb428fac0.eot]
[tapmybio.com/assets/CircularStd-Bold-0ad0c91a7613f2c82f4dbcc256903e45dfc05aafa230b52bf83a6b5eb428fac0d41d.eot]
[tapmybio.com/assets/CircularStd-Bold-92ca08f823f0532f88de3f19c0132e4faddd5a8323d8c50f4de5a0bc2baeb632.woff]
[tapmybio.com/assets/CircularStd-Bold-93ee61fce9687b4aae3445a3f9eb2ec3b92a78284c2818f3e2d7a349f6bf9e66.ttf]
[tapmybio.com/assets/CircularStd-Book.eot]
[tapmybio.com/assets/CircularStd-Book-61b9c2c5c5a672d098b3e185a81a71fa81964285c8cca562ab5079be799ba5e1d41d.eot]
[tapmybio.com/assets/CircularStd-Book-e90c56b02db502c572a61153bc665f9acc46877de82482f95c5279456176da38.woff]
[tapmybio.com/assets/CircularStd-Book-15643775f3fd7739632a51194e7d80f9a51106de2b04c9ac58defd1004b57962.ttf]
[tapmybio.com/assets/CircularStd-Medium-4c7123a9e9f7c7569217e46cad8ce5530b4da818e85a55c8316dcb35bf0c3a6b.eot]
[tapmybio.com/assets/CircularStd-Medium-4c7123a9e9f7c7569217e46cad8ce5530b4da818e85a55c8316dcb35bf0c3a6bd41d.eot]
[tapmybio.com/assets/CircularStd-Medium-7aa8b6bd44b17ccc009080ecb28f588dfc1aeb40104ce32c04fe62d498e57f58.woff]
[tapmybio.com/assets/CircularStd-Medium-8f685c422c64a455c9278d9fc34d9e995c7eff629e99458cd285ee455ef69e27.ttf]
[tapmybio.com/assets/Gilroy-Medium-8bf112aadbd4cd79edd66b5e5d19c30441d8ddf3dd9674dbe168f5bf13c92aa9.woff2]
[tapmybio.com/assets/Gilroy-Medium-20170dc8088fce75b925f1e820b51570986850fcb3588a636d26e89d5bc3983b.woff]
[tapmybio.com/assets/Gilroy-Medium-1709493bf588a68333396e3f55f282dca1432b32b9686a73e5e6f9863dbc3d10.ttf]
[tapmybio.com/assets/Gilroy-Regular-5d121b350c2597f208e115203fb5d30aea0e039bbcdb5605b0c35f33c08b1595.woff2]
[tapmybio.com/assets/Gilroy-Regular-c689d8cb6383aad43947179939b778627f10e12a6ff2206041827fd214a54d5e.woff]
[tapmybio.com/assets/Gilroy-Regular-2f9acf749309e60196980d685c2c2f79ec85598a45a98613a5ecd33787cad6e1.ttf]
[tapmybio.com/assets/Gilroy-SemiBold-b393718ea370d01db6e2186c5f6df22556f97f7bcf4d9cf4d4227aea907c568e.woff2]
[tapmybio.com/assets/Gilroy-SemiBold-78c4221a4526c9af88b95478b55ddc6e0bc28cf4db582d2c8d2acdf5b3598a55.woff]
[tapmybio.com/assets/Gilroy-SemiBold-79eaaf688b23a6fff52a67f0c3120cc3f9e5df76e65b5d4ae1dcef806350205c.ttf]
[tapmybio.com/assets/Gilroy-Black-c2142843afd83e9a12f93ab4763870b47f368696707d94a64612e873629bddcb.woff2]
[tapmybio.com/assets/Gilroy-Black-8757b49fcbdb37ead7c3a8c287b87d02cab8df39c53fe1d95ab69880d0b8e7bd.woff]
[tapmybio.com/assets/Gilroy-Black-f24f273d15443d9a65d740f499c575b5fc22450cc8d0e0f9ac37d7d5d6388973.ttf]
[tapmybio.com/assets/application-23c898007eff7b346dc8ef4c8d703e549a796a17dd29c65d060b42e07246e57d.css]
[tapmybio.com/users/dahyn1x.html]
[cdn1.telesco.pe/file/Wm97tlJVjcdIUZkIGXQXI6Ul-FXCR345Jht1hXIY-WqXUhveJA7RXUJW2fxseU2bHTSix6UVQYCnUNPwC3m2xNgt98aHd4HCsSjGuUXD2LDQFUv2-wcnYN9ZGCunDjdHP8b74G1A1GuAURO5jRQ8SA_yIG2ETQjSRabvFgKbSJj7tJT6aOxchAyZBcP8D5LGi]
[scontent-iad3-1.xx.fbcdn.net/v/t1.0-1/p200x200/73087560_1827113510765535_5126574437402935296_nfc7d.jpg]
[scontent-iad3-1.cdninstagram.com/vp/3a5c97bb0b2ba989cf4ba6ae8d28b5e3/5E6AF4F2/t51.2885-19/s150x150/71684769_2531596316894950_2034526987367743488_na17f.jpg]
[tapmybio.com/assets/download-badge-869ed4eeaef8de9a45d2617ab955ef88cd53c11f36a987f5aa5995093ec7da98.svg]
[tapmybio.com/index.html]
[tapmybio.com/login]
[tapmybio.com/signup]
[tapmybio.com/users/assets/apple-touch-icon.png]
